This is pdfTeX, Version 3.141592653-2.6-1.40.27 (TeX Live 2025) (preloaded format=pdflatex 2025.11.15)  4 DEC 2025 21:51
entering extended mode
 restricted \write18 enabled.
 file:line:error style messages enabled.
 %&-line parsing enabled.
**/Users/idabenvenuto/Documents/università/magistrale/DDS/appunti.tex
(/Users/idabenvenuto/Documents/università/magistrale/DDS/appunti.tex
LaTeX2e <2024-11-01> patch level 2
L3 programming layer <2025-01-18>
(/usr/local/texlive/2025basic/texmf-dist/tex/latex/base/report.cls
Document Class: report 2024/06/29 v1.4n Standard LaTeX document class
(/usr/local/texlive/2025basic/texmf-dist/tex/latex/base/size11.clo
File: size11.clo 2024/06/29 v1.4n Standard LaTeX file (size option)
)
\c@part=\count196
\c@chapter=\count197
\c@section=\count198
\c@subsection=\count199
\c@subsubsection=\count266
\c@paragraph=\count267
\c@subparagraph=\count268
\c@figure=\count269
\c@table=\count270
\abovecaptionskip=\skip49
\belowcaptionskip=\skip50
\bibindent=\dimen141
) (/usr/local/texlive/2025basic/texmf-dist/tex/generic/babel/babel.sty
Package: babel 2025/02/14 v25.4 The multilingual framework for pdfLaTeX, LuaLaTeX and XeLaTeX
\babel@savecnt=\count271
\U@D=\dimen142
\l@unhyphenated=\language23
 (/usr/local/texlive/2025basic/texmf-dist/tex/generic/babel/txtbabel.def)
\bbl@readstream=\read2
\bbl@dirlevel=\count272
 (/usr/local/texlive/2025basic/texmf-dist/tex/generic/babel-english/english.ldf
Language: english 2017/06/06 v3.3r English support from the babel system
Package babel Info: Hyphen rules for 'canadian' set to \l@english
(babel)             (\language0). Reported on input line 102.
Package babel Info: Hyphen rules for 'australian' set to \l@ukenglish
(babel)             (\language7). Reported on input line 105.
Package babel Info: Hyphen rules for 'newzealand' set to \l@ukenglish
(babel)             (\language7). Reported on input line 108.
)) (/usr/local/texlive/2025basic/texmf-dist/tex/generic/babel/locale/en/babel-english.tex
Package babel Info: Importing font and identification data for english
(babel)             from babel-en.ini. Reported on input line 11.
) (/usr/local/texlive/2025basic/texmf-dist/tex/latex/base/inputenc.sty
Package: inputenc 2024/02/08 v1.3d Input encoding file
\inpenc@prehook=\toks17
\inpenc@posthook=\toks18
) (/usr/local/texlive/2025basic/texmf-dist/tex/latex/base/fontenc.sty
Package: fontenc 2021/04/29 v2.0v Standard LaTeX package
) (/usr/local/texlive/2025basic/texmf-dist/tex/latex/amsmath/amsmath.sty
Package: amsmath 2024/11/05 v2.17t AMS math features
\@mathmargin=\skip51

For additional information on amsmath, use the `?' option.
(/usr/local/texlive/2025basic/texmf-dist/tex/latex/amsmath/amstext.sty
Package: amstext 2021/08/26 v2.01 AMS text
 (/usr/local/texlive/2025basic/texmf-dist/tex/latex/amsmath/amsgen.sty
File: amsgen.sty 1999/11/30 v2.0 generic functions
\@emptytoks=\toks19
\ex@=\dimen143
)) (/usr/local/texlive/2025basic/texmf-dist/tex/latex/amsmath/amsbsy.sty
Package: amsbsy 1999/11/29 v1.2d Bold Symbols
\pmbraise@=\dimen144
) (/usr/local/texlive/2025basic/texmf-dist/tex/latex/amsmath/amsopn.sty
Package: amsopn 2022/04/08 v2.04 operator names
)
\inf@bad=\count273
LaTeX Info: Redefining \frac on input line 233.
\uproot@=\count274
\leftroot@=\count275
LaTeX Info: Redefining \overline on input line 398.
LaTeX Info: Redefining \colon on input line 409.
\classnum@=\count276
\DOTSCASE@=\count277
LaTeX Info: Redefining \ldots on input line 495.
LaTeX Info: Redefining \dots on input line 498.
LaTeX Info: Redefining \cdots on input line 619.
\Mathstrutbox@=\box52
\strutbox@=\box53
LaTeX Info: Redefining \big on input line 721.
LaTeX Info: Redefining \Big on input line 722.
LaTeX Info: Redefining \bigg on input line 723.
LaTeX Info: Redefining \Bigg on input line 724.
\big@size=\dimen145
LaTeX Font Info:    Redeclaring font encoding OML on input line 742.
LaTeX Font Info:    Redeclaring font encoding OMS on input line 743.
\macc@depth=\count278
LaTeX Info: Redefining \bmod on input line 904.
LaTeX Info: Redefining \pmod on input line 909.
LaTeX Info: Redefining \smash on input line 939.
LaTeX Info: Redefining \relbar on input line 969.
LaTeX Info: Redefining \Relbar on input line 970.
\c@MaxMatrixCols=\count279
\dotsspace@=\muskip17
\c@parentequation=\count280
\dspbrk@lvl=\count281
\tag@help=\toks20
\row@=\count282
\column@=\count283
\maxfields@=\count284
\andhelp@=\toks21
\eqnshift@=\dimen146
\alignsep@=\dimen147
\tagshift@=\dimen148
\tagwidth@=\dimen149
\totwidth@=\dimen150
\lineht@=\dimen151
\@envbody=\toks22
\multlinegap=\skip52
\multlinetaggap=\skip53
\mathdisplay@stack=\toks23
LaTeX Info: Redefining \[ on input line 2953.
LaTeX Info: Redefining \] on input line 2954.
) (/usr/local/texlive/2025basic/texmf-dist/tex/latex/amsfonts/amssymb.sty
Package: amssymb 2013/01/14 v3.01 AMS font symbols
 (/usr/local/texlive/2025basic/texmf-dist/tex/latex/amsfonts/amsfonts.sty
Package: amsfonts 2013/01/14 v3.01 Basic AMSFonts support
\symAMSa=\mathgroup4
\symAMSb=\mathgroup5
LaTeX Font Info:    Redeclaring math symbol \hbar on input line 98.
LaTeX Font Info:    Overwriting math alphabet `\mathfrak' in version `bold'
(Font)                  U/euf/m/n --> U/euf/b/n on input line 106.
)) (/usr/local/texlive/2025basic/texmf-dist/tex/latex/graphics/graphicx.sty
Package: graphicx 2021/09/16 v1.2d Enhanced LaTeX Graphics (DPC,SPQR)
 (/usr/local/texlive/2025basic/texmf-dist/tex/latex/graphics/keyval.sty
Package: keyval 2022/05/29 v1.15 key=value parser (DPC)
\KV@toks@=\toks24
) (/usr/local/texlive/2025basic/texmf-dist/tex/latex/graphics/graphics.sty
Package: graphics 2024/08/06 v1.4g Standard LaTeX Graphics (DPC,SPQR)
 (/usr/local/texlive/2025basic/texmf-dist/tex/latex/graphics/trig.sty
Package: trig 2023/12/02 v1.11 sin cos tan (DPC)
) (/usr/local/texlive/2025basic/texmf-dist/tex/latex/graphics-cfg/graphics.cfg
File: graphics.cfg 2016/06/04 v1.11 sample graphics configuration
)
Package graphics Info: Driver file: pdftex.def on input line 106.
 (/usr/local/texlive/2025basic/texmf-dist/tex/latex/graphics-def/pdftex.def
File: pdftex.def 2024/04/13 v1.2c Graphics/color driver for pdftex
))
\Gin@req@height=\dimen152
\Gin@req@width=\dimen153
) (/usr/local/texlive/2025basic/texmf-dist/tex/latex/float/float.sty
Package: float 2001/11/08 v1.3d Float enhancements (AL)
\c@float@type=\count285
\float@exts=\toks25
\float@box=\box54
\@float@everytoks=\toks26
\@floatcapt=\box55
) (/usr/local/texlive/2025basic/texmf-dist/tex/latex/hyperref/hyperref.sty
Package: hyperref 2024-11-05 v7.01l Hypertext links for LaTeX
 (/usr/local/texlive/2025basic/texmf-dist/tex/generic/iftex/iftex.sty
Package: iftex 2024/12/12 v1.0g TeX engine tests
) (/usr/local/texlive/2025basic/texmf-dist/tex/latex/kvsetkeys/kvsetkeys.sty
Package: kvsetkeys 2022-10-05 v1.19 Key value parser (HO)
) (/usr/local/texlive/2025basic/texmf-dist/tex/generic/kvdefinekeys/kvdefinekeys.sty
Package: kvdefinekeys 2019-12-19 v1.6 Define keys (HO)
) (/usr/local/texlive/2025basic/texmf-dist/tex/generic/pdfescape/pdfescape.sty
Package: pdfescape 2019/12/09 v1.15 Implements pdfTeX's escape features (HO)
 (/usr/local/texlive/2025basic/texmf-dist/tex/generic/ltxcmds/ltxcmds.sty
Package: ltxcmds 2023-12-04 v1.26 LaTeX kernel commands for general use (HO)
) (/usr/local/texlive/2025basic/texmf-dist/tex/generic/pdftexcmds/pdftexcmds.sty
Package: pdftexcmds 2020-06-27 v0.33 Utility functions of pdfTeX for LuaTeX (HO)
 (/usr/local/texlive/2025basic/texmf-dist/tex/generic/infwarerr/infwarerr.sty
Package: infwarerr 2019/12/03 v1.5 Providing info/warning/error messages (HO)
)
Package pdftexcmds Info: \pdf@primitive is available.
Package pdftexcmds Info: \pdf@ifprimitive is available.
Package pdftexcmds Info: \pdfdraftmode found.
)) (/usr/local/texlive/2025basic/texmf-dist/tex/latex/hycolor/hycolor.sty
Package: hycolor 2020-01-27 v1.10 Color options for hyperref/bookmark (HO)
) (/usr/local/texlive/2025basic/texmf-dist/tex/latex/hyperref/nameref.sty
Package: nameref 2023-11-26 v2.56 Cross-referencing by name of section
 (/usr/local/texlive/2025basic/texmf-dist/tex/latex/refcount/refcount.sty
Package: refcount 2019/12/15 v3.6 Data extraction from label references (HO)
) (/usr/local/texlive/2025basic/texmf-dist/tex/generic/gettitlestring/gettitlestring.sty
Package: gettitlestring 2019/12/15 v1.6 Cleanup title references (HO)
 (/usr/local/texlive/2025basic/texmf-dist/tex/latex/kvoptions/kvoptions.sty
Package: kvoptions 2022-06-15 v3.15 Key value format for package options (HO)
))
\c@section@level=\count286
) (/usr/local/texlive/2025basic/texmf-dist/tex/latex/etoolbox/etoolbox.sty
Package: etoolbox 2025/02/11 v2.5l e-TeX tools for LaTeX (JAW)
\etb@tempcnta=\count287
) (/usr/local/texlive/2025basic/texmf-dist/tex/generic/stringenc/stringenc.sty
Package: stringenc 2019/11/29 v1.12 Convert strings between diff. encodings (HO)
)
\@linkdim=\dimen154
\Hy@linkcounter=\count288
\Hy@pagecounter=\count289
 (/usr/local/texlive/2025basic/texmf-dist/tex/latex/hyperref/pd1enc.def
File: pd1enc.def 2024-11-05 v7.01l Hyperref: PDFDocEncoding definition (HO)
Now handling font encoding PD1 ...
... no UTF-8 mapping file for font encoding PD1
) (/usr/local/texlive/2025basic/texmf-dist/tex/generic/intcalc/intcalc.sty
Package: intcalc 2019/12/15 v1.3 Expandable calculations with integers (HO)
)
\Hy@SavedSpaceFactor=\count290
 (/usr/local/texlive/2025basic/texmf-dist/tex/latex/hyperref/puenc.def
File: puenc.def 2024-11-05 v7.01l Hyperref: PDF Unicode definition (HO)
Now handling font encoding PU ...
... no UTF-8 mapping file for font encoding PU
)
Package hyperref Info: Hyper figures OFF on input line 4157.
Package hyperref Info: Link nesting OFF on input line 4162.
Package hyperref Info: Hyper index ON on input line 4165.
Package hyperref Info: Plain pages OFF on input line 4172.
Package hyperref Info: Backreferencing OFF on input line 4177.
Package hyperref Info: Implicit mode ON; LaTeX internals redefined.
Package hyperref Info: Bookmarks ON on input line 4424.
\c@Hy@tempcnt=\count291
 (/usr/local/texlive/2025basic/texmf-dist/tex/latex/url/url.sty
\Urlmuskip=\muskip18
Package: url 2013/09/16  ver 3.4  Verb mode for urls, etc.
)
LaTeX Info: Redefining \url on input line 4763.
\XeTeXLinkMargin=\dimen155
 (/usr/local/texlive/2025basic/texmf-dist/tex/generic/bitset/bitset.sty
Package: bitset 2019/12/09 v1.3 Handle bit-vector datatype (HO)
 (/usr/local/texlive/2025basic/texmf-dist/tex/generic/bigintcalc/bigintcalc.sty
Package: bigintcalc 2019/12/15 v1.5 Expandable calculations on big integers (HO)
))
\Fld@menulength=\count292
\Field@Width=\dimen156
\Fld@charsize=\dimen157
Package hyperref Info: Hyper figures OFF on input line 6042.
Package hyperref Info: Link nesting OFF on input line 6047.
Package hyperref Info: Hyper index ON on input line 6050.
Package hyperref Info: backreferencing OFF on input line 6057.
Package hyperref Info: Link coloring OFF on input line 6062.
Package hyperref Info: Link coloring with OCG OFF on input line 6067.
Package hyperref Info: PDF/A mode OFF on input line 6072.
 (/usr/local/texlive/2025basic/texmf-dist/tex/latex/base/atbegshi-ltx.sty
Package: atbegshi-ltx 2021/01/10 v1.0c Emulation of the original atbegshi
package with kernel methods
)
\Hy@abspage=\count293
\c@Item=\count294
\c@Hfootnote=\count295
)
Package hyperref Info: Driver (autodetected): hpdftex.
 (/usr/local/texlive/2025basic/texmf-dist/tex/latex/hyperref/hpdftex.def
File: hpdftex.def 2024-11-05 v7.01l Hyperref driver for pdfTeX
 (/usr/local/texlive/2025basic/texmf-dist/tex/latex/base/atveryend-ltx.sty
Package: atveryend-ltx 2020/08/19 v1.0a Emulation of the original atveryend package
with kernel methods
)
\Fld@listcount=\count296
\c@bookmark@seq@number=\count297
 (/usr/local/texlive/2025basic/texmf-dist/tex/latex/rerunfilecheck/rerunfilecheck.sty
Package: rerunfilecheck 2022-07-10 v1.10 Rerun checks for auxiliary files (HO)
 (/usr/local/texlive/2025basic/texmf-dist/tex/generic/uniquecounter/uniquecounter.sty
Package: uniquecounter 2019/12/15 v1.4 Provide unlimited unique counter (HO)
)
Package uniquecounter Info: New unique counter `rerunfilecheck' on input line 285.
)
\Hy@SectionHShift=\skip54
) (/usr/local/texlive/2025basic/texmf-dist/tex/latex/l3backend/l3backend-pdftex.def
File: l3backend-pdftex.def 2024-05-08 L3 backend support: PDF output (pdfTeX)
\l__color_backend_stack_int=\count298
\l__pdf_internal_box=\box56
) (/Users/idabenvenuto/Documents/università/magistrale/DDS/appunti.aux)
\openout1 = `appunti.aux'.

LaTeX Font Info:    Checking defaults for OML/cmm/m/it on input line 16.
LaTeX Font Info:    ... okay on input line 16.
LaTeX Font Info:    Checking defaults for OMS/cmsy/m/n on input line 16.
LaTeX Font Info:    ... okay on input line 16.
LaTeX Font Info:    Checking defaults for OT1/cmr/m/n on input line 16.
LaTeX Font Info:    ... okay on input line 16.
LaTeX Font Info:    Checking defaults for T1/cmr/m/n on input line 16.
LaTeX Font Info:    ... okay on input line 16.
LaTeX Font Info:    Checking defaults for TS1/cmr/m/n on input line 16.
LaTeX Font Info:    ... okay on input line 16.
LaTeX Font Info:    Checking defaults for OMX/cmex/m/n on input line 16.
LaTeX Font Info:    ... okay on input line 16.
LaTeX Font Info:    Checking defaults for U/cmr/m/n on input line 16.
LaTeX Font Info:    ... okay on input line 16.
LaTeX Font Info:    Checking defaults for PD1/pdf/m/n on input line 16.
LaTeX Font Info:    ... okay on input line 16.
LaTeX Font Info:    Checking defaults for PU/pdf/m/n on input line 16.
LaTeX Font Info:    ... okay on input line 16.
 (/usr/local/texlive/2025basic/texmf-dist/tex/context/base/mkii/supp-pdf.mkii
[Loading MPS to PDF converter (version 2006.09.02).]
\scratchcounter=\count299
\scratchdimen=\dimen158
\scratchbox=\box57
\nofMPsegments=\count300
\nofMParguments=\count301
\everyMPshowfont=\toks27
\MPscratchCnt=\count302
\MPscratchDim=\dimen159
\MPnumerator=\count303
\makeMPintoPDFobject=\count304
\everyMPtoPDFconversion=\toks28
) (/usr/local/texlive/2025basic/texmf-dist/tex/latex/epstopdf-pkg/epstopdf-base.sty
Package: epstopdf-base 2020-01-24 v2.11 Base part for package epstopdf
Package epstopdf-base Info: Redefining graphics rule for `.eps' on input line 485.
 (/usr/local/texlive/2025basic/texmf-dist/tex/latex/latexconfig/epstopdf-sys.cfg
File: epstopdf-sys.cfg 2010/07/13 v1.3 Configuration of (r)epstopdf for TeX Live
))
Package hyperref Info: Link coloring OFF on input line 16.
 (/Users/idabenvenuto/Documents/università/magistrale/DDS/appunti.out) (/Users/idabenvenuto/Documents/università/magistrale/DDS/appunti.out)
\@outlinefile=\write3
\openout3 = `appunti.out'.

LaTeX Font Info:    Trying to load font information for U+msa on input line 19.
 (/usr/local/texlive/2025basic/texmf-dist/tex/latex/amsfonts/umsa.fd
File: umsa.fd 2013/01/14 v3.01 AMS symbols A
)
LaTeX Font Info:    Trying to load font information for U+msb on input line 19.
 (/usr/local/texlive/2025basic/texmf-dist/tex/latex/amsfonts/umsb.fd
File: umsb.fd 2013/01/14 v3.01 AMS symbols B
)

[1

{/usr/local/texlive/2025basic/texmf-var/fonts/map/pdftex/updmap/pdftex.map}{/usr/local/texlive/2025basic/texmf-dist/fonts/enc/dvips/cm-super/cm-super-t1.enc}]
Chapter 1.



pdfTeX warning (ext4): destination with the same identifier (name{page.1}) has been already used, duplicate ignored
<to be read again> 
                   \relax 
l.42 
      [1

{/usr/local/texlive/2025basic/texmf-dist/fonts/enc/dvips/cm-super/cm-super-ts1.enc}]
<imm/Screenshot 2025-12-04 alle 17.01.16.png, id=369, 754.82pt x 176.66pt>
File: imm/Screenshot 2025-12-04 alle 17.01.16.png Graphic file (type png)
<use imm/Screenshot 2025-12-04 alle 17.01.16.png>
Package pdftex.def Info: imm/Screenshot 2025-12-04 alle 17.01.16.png  used on input line 63.
(pdftex.def)             Requested size: 360.0pt x 84.25401pt.


[2 </Users/idabenvenuto/Documents/università/magistrale/DDS/imm/Screenshot 2025-12-04 alle 17.01.16.png>]

[3]

[4]

[5]

[6]
<imm/Screenshot 2025-12-04 alle 17.15.39.png, id=404, 334.24875pt x 208.78pt>
File: imm/Screenshot 2025-12-04 alle 17.15.39.png Graphic file (type png)
<use imm/Screenshot 2025-12-04 alle 17.15.39.png>
Package pdftex.def Info: imm/Screenshot 2025-12-04 alle 17.15.39.png  used on input line 247.
(pdftex.def)             Requested size: 251.9989pt x 157.4097pt.
<imm/Screenshot 2025-12-04 alle 17.16.49.png, id=405, 784.9325pt x 481.8pt>
File: imm/Screenshot 2025-12-04 alle 17.16.49.png Graphic file (type png)
<use imm/Screenshot 2025-12-04 alle 17.16.49.png>
Package pdftex.def Info: imm/Screenshot 2025-12-04 alle 17.16.49.png  used on input line 252.
(pdftex.def)             Requested size: 323.9978pt x 198.87727pt.


[7 </Users/idabenvenuto/Documents/università/magistrale/DDS/imm/Screenshot 2025-12-04 alle 17.15.39.png>]

[8 </Users/idabenvenuto/Documents/università/magistrale/DDS/imm/Screenshot 2025-12-04 alle 17.16.49.png>]

[9]

[10]
Overfull \hbox (0.63449pt too wide) in paragraph at lines 361--362
[]\T1/cmr/bx/n/10.95 Primary servers\T1/cmr/m/n/10.95 : Con-nected di-rectly to UTC sources (atomic clocks).
 []

<imm/Screenshot 2025-12-04 alle 17.25.42.png, id=445, 593.21625pt x 282.05376pt>
File: imm/Screenshot 2025-12-04 alle 17.25.42.png Graphic file (type png)
<use imm/Screenshot 2025-12-04 alle 17.25.42.png>
Package pdftex.def Info: imm/Screenshot 2025-12-04 alle 17.25.42.png  used on input line 367.
(pdftex.def)             Requested size: 288.0011pt x 136.93793pt.


[11 </Users/idabenvenuto/Documents/università/magistrale/DDS/imm/Screenshot 2025-12-04 alle 17.25.42.png>]

[12]
Chapter 2.


[13

]

[14]
<imm/Screenshot 2025-12-04 alle 17.40.03.png, id=475, 695.59875pt x 339.2675pt>
File: imm/Screenshot 2025-12-04 alle 17.40.03.png Graphic file (type png)
<use imm/Screenshot 2025-12-04 alle 17.40.03.png>
Package pdftex.def Info: imm/Screenshot 2025-12-04 alle 17.40.03.png  used on input line 493.
(pdftex.def)             Requested size: 360.0pt x 175.58147pt.


[15 </Users/idabenvenuto/Documents/università/magistrale/DDS/imm/Screenshot 2025-12-04 alle 17.40.03.png>]
<imm/Screenshot 2025-12-04 alle 17.44.28.png, id=485, 726.715pt x 389.455pt>
File: imm/Screenshot 2025-12-04 alle 17.44.28.png Graphic file (type png)
<use imm/Screenshot 2025-12-04 alle 17.44.28.png>
Package pdftex.def Info: imm/Screenshot 2025-12-04 alle 17.44.28.png  used on input line 532.
(pdftex.def)             Requested size: 360.0pt x 192.93234pt.


[16]

[17 </Users/idabenvenuto/Documents/università/magistrale/DDS/imm/Screenshot 2025-12-04 alle 17.44.28.png>]
<imm/Screenshot 2025-12-04 alle 21.33.30.png, id=500, 684.5575pt x 180.675pt>
File: imm/Screenshot 2025-12-04 alle 21.33.30.png Graphic file (type png)
<use imm/Screenshot 2025-12-04 alle 21.33.30.png>
Package pdftex.def Info: imm/Screenshot 2025-12-04 alle 21.33.30.png  used on input line 588.
(pdftex.def)             Requested size: 251.9989pt x 66.5096pt.
<imm/Screenshot 2025-12-04 alle 21.34.57.png, id=501, 733.74126pt x 465.74pt>
File: imm/Screenshot 2025-12-04 alle 21.34.57.png Graphic file (type png)
<use imm/Screenshot 2025-12-04 alle 21.34.57.png>
Package pdftex.def Info: imm/Screenshot 2025-12-04 alle 21.34.57.png  used on input line 600.
(pdftex.def)             Requested size: 360.0pt x 228.51308pt.


[18 </Users/idabenvenuto/Documents/università/magistrale/DDS/imm/Screenshot 2025-12-04 alle 21.33.30.png>]

[19 </Users/idabenvenuto/Documents/università/magistrale/DDS/imm/Screenshot 2025-12-04 alle 21.34.57.png>]
<imm/Screenshot 2025-12-04 alle 21.44.58.png, id=522, 698.61pt x 442.65375pt>
File: imm/Screenshot 2025-12-04 alle 21.44.58.png Graphic file (type png)
<use imm/Screenshot 2025-12-04 alle 21.44.58.png>
Package pdftex.def Info: imm/Screenshot 2025-12-04 alle 21.44.58.png  used on input line 668.
(pdftex.def)             Requested size: 360.0pt x 228.10768pt.


[20]

[21 </Users/idabenvenuto/Documents/università/magistrale/DDS/imm/Screenshot 2025-12-04 alle 21.44.58.png>]

[22]

[23]
Chapter 3.

Overfull \hbox (0.13194pt too wide) in paragraph at lines 761--762
[]\T1/cmr/bx/n/10.95 Partially Syn-chronous FD: \T1/cmr/m/n/10.95 As-sume that the sys-tem is asyn-chronous
 []



[24

]
<imm/Screenshot 2025-11-30 alle 17.55.08.png, id=576, 712.6625pt x 354.32375pt>
File: imm/Screenshot 2025-11-30 alle 17.55.08.png Graphic file (type png)
<use imm/Screenshot 2025-11-30 alle 17.55.08.png>
Package pdftex.def Info: imm/Screenshot 2025-11-30 alle 17.55.08.png  used on input line 783.
(pdftex.def)             Requested size: 288.0011pt x 143.18675pt.


[25 </Users/idabenvenuto/Documents/università/magistrale/DDS/imm/Screenshot 2025-11-30 alle 17.55.08.png>]
<imm/Screenshot 2025-11-30 alle 18.05.41.png, id=583, 689.57625pt x 324.21124pt>
File: imm/Screenshot 2025-11-30 alle 18.05.41.png Graphic file (type png)
<use imm/Screenshot 2025-11-30 alle 18.05.41.png>
Package pdftex.def Info: imm/Screenshot 2025-11-30 alle 18.05.41.png  used on input line 799.
(pdftex.def)             Requested size: 216.0022pt x 101.55322pt.

Overfull \hbox (21.03433pt too wide) in paragraph at lines 807--808
\T1/cmr/m/n/10.95 ex-e-cut-ing its al-go-rithm for-ever, but they can't be-have ma-li-ciously.(bizantine
 []

<imm/Screenshot 2025-11-30 alle 18.25.47.png, id=584, 862.22125pt x 401.5pt>
File: imm/Screenshot 2025-11-30 alle 18.25.47.png Graphic file (type png)
<use imm/Screenshot 2025-11-30 alle 18.25.47.png>
Package pdftex.def Info: imm/Screenshot 2025-11-30 alle 18.25.47.png  used on input line 813.
(pdftex.def)             Requested size: 288.0011pt x 134.10664pt.


[26 </Users/idabenvenuto/Documents/università/magistrale/DDS/imm/Screenshot 2025-11-30 alle 18.05.41.png>]
<imm/Screenshot 2025-11-30 alle 18.29.07.png, id=592, 860.21375pt x 545.03625pt>
File: imm/Screenshot 2025-11-30 alle 18.29.07.png Graphic file (type png)
<use imm/Screenshot 2025-11-30 alle 18.29.07.png>
Package pdftex.def Info: imm/Screenshot 2025-11-30 alle 18.29.07.png  used on input line 819.
(pdftex.def)             Requested size: 360.0pt x 228.09863pt.


[27 </Users/idabenvenuto/Documents/università/magistrale/DDS/imm/Screenshot 2025-11-30 alle 18.25.47.png> </Users/idabenvenuto/Documents/università/magistrale/DDS/imm/Screenshot 2025-11-30 alle 18.29.07.png>]
<imm/Immagine JPEG-4A77-8056-27-0.jpeg, id=604, 1931.215pt x 1003.75pt>
File: imm/Immagine JPEG-4A77-8056-27-0.jpeg Graphic file (type jpg)
<use imm/Immagine JPEG-4A77-8056-27-0.jpeg>
Package pdftex.def Info: imm/Immagine JPEG-4A77-8056-27-0.jpeg  used on input line 853.
(pdftex.def)             Requested size: 360.0pt x 187.09991pt.


[28 </Users/idabenvenuto/Documents/università/magistrale/DDS/imm/Immagine JPEG-4A77-8056-27-0.jpeg>]

Package hyperref Warning: Token not allowed in a PDF string (Unicode):
(hyperref)                removing `math shift' on input line 866.


Package hyperref Warning: Token not allowed in a PDF string (Unicode):
(hyperref)                removing `\Diamond' on input line 866.


Package hyperref Warning: Token not allowed in a PDF string (Unicode):
(hyperref)                removing `math shift' on input line 866.



[29]
<imm/Screenshot 2025-11-30 alle 20.14.26.png, id=621, 879.285pt x 375.4025pt>
File: imm/Screenshot 2025-11-30 alle 20.14.26.png Graphic file (type png)
<use imm/Screenshot 2025-11-30 alle 20.14.26.png>
Package pdftex.def Info: imm/Screenshot 2025-11-30 alle 20.14.26.png  used on input line 889.
(pdftex.def)             Requested size: 288.0011pt x 122.95523pt.
<imm/Screenshot 2025-11-30 alle 20.20.51.png, id=622, 914.41624pt x 401.5pt>
File: imm/Screenshot 2025-11-30 alle 20.20.51.png Graphic file (type png)
<use imm/Screenshot 2025-11-30 alle 20.20.51.png>
Package pdftex.def Info: imm/Screenshot 2025-11-30 alle 20.20.51.png  used on input line 895.
(pdftex.def)             Requested size: 360.0pt x 158.06694pt.

Overfull \hbox (29.5108pt too wide) in paragraph at lines 915--915
 []    \T1/cmtt/m/n/10.95 If there exists a process q in alive and q in suspected then[] 
 []



[30 </Users/idabenvenuto/Documents/università/magistrale/DDS/imm/Screenshot 2025-11-30 alle 20.14.26.png> </Users/idabenvenuto/Documents/università/magistrale/DDS/imm/Screenshot 2025-11-30 alle 20.20.51.png>]
<imm/Immagine JPEG-4C4B-B34A-EA-0.jpeg, id=635, 3133.7075pt x 1003.75pt>
File: imm/Immagine JPEG-4C4B-B34A-EA-0.jpeg Graphic file (type jpg)
<use imm/Immagine JPEG-4C4B-B34A-EA-0.jpeg>
Package pdftex.def Info: imm/Immagine JPEG-4C4B-B34A-EA-0.jpeg  used on input line 920.
(pdftex.def)             Requested size: 360.0pt x 115.29863pt.


[31 </Users/idabenvenuto/Documents/università/magistrale/DDS/imm/Immagine JPEG-4C4B-B34A-EA-0.jpeg>]
Chapter 4.
<imm/Screenshot 2025-12-01 alle 15.33.44.png, id=642, 857.2025pt x 341.275pt>
File: imm/Screenshot 2025-12-01 alle 15.33.44.png Graphic file (type png)
<use imm/Screenshot 2025-12-01 alle 15.33.44.png>
Package pdftex.def Info: imm/Screenshot 2025-12-01 alle 15.33.44.png  used on input line 945.
(pdftex.def)             Requested size: 360.0pt x 143.3241pt.
<imm/Screenshot 2025-12-01 alle 15.36.01.png, id=643, 857.2025pt x 390.45876pt>
File: imm/Screenshot 2025-12-01 alle 15.36.01.png Graphic file (type png)
<use imm/Screenshot 2025-12-01 alle 15.36.01.png>
Package pdftex.def Info: imm/Screenshot 2025-12-01 alle 15.36.01.png  used on input line 951.
(pdftex.def)             Requested size: 360.0pt x 163.97963pt.

Overfull \hbox (278.47913pt too wide) in paragraph at lines 961--961
 []        \T1/cmtt/m/n/10.95 leader != maxrank(Pi / suspected) - the process tha have the highest rank among those not suspected;[] 
 []



[32

]

[33 </Users/idabenvenuto/Documents/università/magistrale/DDS/imm/Screenshot 2025-12-01 alle 15.33.44.png> </Users/idabenvenuto/Documents/università/magistrale/DDS/imm/Screenshot 2025-12-01 alle 15.36.01.png>]
<imm/Screenshot 2025-12-01 alle 15.44.40.png, id=659, 880.28876pt x 413.545pt>
File: imm/Screenshot 2025-12-01 alle 15.44.40.png Graphic file (type png)
<use imm/Screenshot 2025-12-01 alle 15.44.40.png>
Package pdftex.def Info: imm/Screenshot 2025-12-01 alle 15.44.40.png  used on input line 967.
(pdftex.def)             Requested size: 360.0pt x 169.11914pt.
<imm/Screenshot 2025-12-01 alle 15.49.56.png, id=660, 890.32625pt x 360.34625pt>
File: imm/Screenshot 2025-12-01 alle 15.49.56.png Graphic file (type png)
<use imm/Screenshot 2025-12-01 alle 15.49.56.png>
Package pdftex.def Info: imm/Screenshot 2025-12-01 alle 15.49.56.png  used on input line 979.
(pdftex.def)             Requested size: 360.0pt x 145.70299pt.


[34 </Users/idabenvenuto/Documents/università/magistrale/DDS/imm/Screenshot 2025-12-01 alle 15.44.40.png>]
<imm/Screenshot 2025-12-01 alle 16.08.24.png, id=668, 884.30376pt x 408.52625pt>
File: imm/Screenshot 2025-12-01 alle 16.08.24.png Graphic file (type png)
<use imm/Screenshot 2025-12-01 alle 16.08.24.png>
Package pdftex.def Info: imm/Screenshot 2025-12-01 alle 16.08.24.png  used on input line 998.
(pdftex.def)             Requested size: 360.0pt x 166.31245pt.


[35 </Users/idabenvenuto/Documents/università/magistrale/DDS/imm/Screenshot 2025-12-01 alle 15.49.56.png>]
<imm/Screenshot 2025-12-01 alle 16.11.03.png, id=677, 840.13875pt x 417.56pt>
File: imm/Screenshot 2025-12-01 alle 16.11.03.png Graphic file (type png)
<use imm/Screenshot 2025-12-01 alle 16.11.03.png>
Package pdftex.def Info: imm/Screenshot 2025-12-01 alle 16.11.03.png  used on input line 1004.
(pdftex.def)             Requested size: 360.0pt x 178.92288pt.

Overfull \hbox (5.33284pt too wide) in paragraph at lines 1010--1010
[][]\T1/cmr/bx/n/12 implementation of Even-tual Leader Elec-tion in Crash-Recovery
 []

<imm/Screenshot 2025-12-01 alle 16.16.03.png, id=678, 901.3675pt x 504.88625pt>
File: imm/Screenshot 2025-12-01 alle 16.16.03.png Graphic file (type png)
<use imm/Screenshot 2025-12-01 alle 16.16.03.png>
Package pdftex.def Info: imm/Screenshot 2025-12-01 alle 16.16.03.png  used on input line 1013.
(pdftex.def)             Requested size: 360.0pt x 201.65045pt.


[36 </Users/idabenvenuto/Documents/università/magistrale/DDS/imm/Screenshot 2025-12-01 alle 16.08.24.png> </Users/idabenvenuto/Documents/università/magistrale/DDS/imm/Screenshot 2025-12-01 alle 16.11.03.png>]
Overfull \hbox (188.86198pt too wide) in paragraph at lines 1023--1023
[]    \T1/cmtt/m/n/10.95 epoch := 0; -- Initialize epoch counter(how many times the process has crashed and recovered)[] 
 []


Overfull \hbox (92.66968pt too wide) in paragraph at lines 1023--1023
[]    \T1/cmtt/m/n/10.95 candidates := empty set; -- Initialize the set of candidate leaders as empty[] 
 []


Overfull \hbox (2.13574pt too wide) in paragraph at lines 1023--1023
[]    \T1/cmtt/m/n/10.95 trigger < \Omega , Recovery | >; -- Trigger a Recovery event[] 
 []


Overfull \hbox (109.64479pt too wide) in paragraph at lines 1037--1037
[]    \T1/cmtt/m/n/10.95 leader := maxrank(Pi) -- Select the process with the highest rank as the leader[] 
 []


Overfull \hbox (109.64479pt too wide) in paragraph at lines 1037--1037
[]    \T1/cmtt/m/n/10.95 trigger <le, trust | leader>; -- Trigger a trust event with the selected leader[] 
 []


Overfull \hbox (19.11086pt too wide) in paragraph at lines 1037--1037
[]    \T1/cmtt/m/n/10.95 delay := deltha; -- Initialize the delay for heartbeat messages[] 
 []


Overfull \hbox (36.08597pt too wide) in paragraph at lines 1037--1037
[]    \T1/cmtt/m/n/10.95 retrieve(epoch); -- Retrieve the epoch counter from stable storage[] 
 []


Overfull \hbox (36.08597pt too wide) in paragraph at lines 1037--1037
[]    \T1/cmtt/m/n/10.95 store(epoch); -- Store the updated epoch counter in stable storage[] 
 []


Overfull \hbox (228.47058pt too wide) in paragraph at lines 1037--1037
[]        \T1/cmtt/m/n/10.95 send [HEARTBEAT, epoch] to q; -- Send heartbeat messages to all processes with the current epoch[] 
 []


Overfull \hbox (13.45248pt too wide) in paragraph at lines 1037--1037
[]    \T1/cmtt/m/n/10.95 candidates := empty set; -- Reset the set of candidate leaders[] 
 []


Overfull \hbox (41.74434pt too wide) in paragraph at lines 1037--1037
[]    \T1/cmtt/m/n/10.95 start timer with delay; -- Start the timer with the specified delay[] 
 []

<imm/Screenshot 2025-12-01 alle 16.22.32.png, id=689, 879.285pt x 397.485pt>
File: imm/Screenshot 2025-12-01 alle 16.22.32.png Graphic file (type png)
<use imm/Screenshot 2025-12-01 alle 16.22.32.png>
Package pdftex.def Info: imm/Screenshot 2025-12-01 alle 16.22.32.png  used on input line 1040.
(pdftex.def)             Requested size: 360.0pt x 162.73943pt.


[37 </Users/idabenvenuto/Documents/università/magistrale/DDS/imm/Screenshot 2025-12-01 alle 16.16.03.png>]
Overfull \hbox (19.11086pt too wide) in paragraph at lines 1054--1054
[]    \T1/cmtt/m/n/10.95 if the new leader != leader then. -- If a new leader is elected[] 
 []


Overfull \hbox (228.47058pt too wide) in paragraph at lines 1054--1054
[]        \T1/cmtt/m/n/10.95 send [HEARTBEAT, epoch] to q; -- Send heartbeat messages to all processes with the current epoch[] 
 []


Overfull \hbox (13.45248pt too wide) in paragraph at lines 1054--1054
[]    \T1/cmtt/m/n/10.95 candidates := empty set; -- Reset the set of candidate leaders[] 
 []


Overfull \hbox (41.74434pt too wide) in paragraph at lines 1054--1054
[]    \T1/cmtt/m/n/10.95 start timer with delay; -- Start the timer with the specified delay[] 
 []

<imm/Screenshot 2025-12-01 alle 16.34.26.png, id=699, 842.14626pt x 410.53375pt>
File: imm/Screenshot 2025-12-01 alle 16.34.26.png Graphic file (type png)
<use imm/Screenshot 2025-12-01 alle 16.34.26.png>
Package pdftex.def Info: imm/Screenshot 2025-12-01 alle 16.34.26.png  used on input line 1058.
(pdftex.def)             Requested size: 360.0pt x 175.49246pt.


[38 </Users/idabenvenuto/Documents/università/magistrale/DDS/imm/Screenshot 2025-12-01 alle 16.22.32.png>]
<imm/Screenshot 2025-12-01 alle 16.37.03.png, id=707, 913.4125pt x 533.995pt>
File: imm/Screenshot 2025-12-01 alle 16.37.03.png Graphic file (type png)
<use imm/Screenshot 2025-12-01 alle 16.37.03.png>
Package pdftex.def Info: imm/Screenshot 2025-12-01 alle 16.37.03.png  used on input line 1064.
(pdftex.def)             Requested size: 360.0pt x 210.4572pt.


[39 </Users/idabenvenuto/Documents/università/magistrale/DDS/imm/Screenshot 2025-12-01 alle 16.34.26.png> </Users/idabenvenuto/Documents/università/magistrale/DDS/imm/Screenshot 2025-12-01 alle 16.37.03.png>]
Chapter 5.
<imm/Screenshot 2025-12-01 alle 16.45.59.png, id=717, 780.9175pt x 332.24126pt>
File: imm/Screenshot 2025-12-01 alle 16.45.59.png Graphic file (type png)
<use imm/Screenshot 2025-12-01 alle 16.45.59.png>
Package pdftex.def Info: imm/Screenshot 2025-12-01 alle 16.45.59.png  used on input line 1082.
(pdftex.def)             Requested size: 360.0pt x 153.16234pt.


[40

]
<imm/Screenshot 2025-12-01 alle 16.47.13.png, id=722, 782.925pt x 343.2825pt>
File: imm/Screenshot 2025-12-01 alle 16.47.13.png Graphic file (type png)
<use imm/Screenshot 2025-12-01 alle 16.47.13.png>
Package pdftex.def Info: imm/Screenshot 2025-12-01 alle 16.47.13.png  used on input line 1088.
(pdftex.def)             Requested size: 360.0pt x 157.849pt.


[41 </Users/idabenvenuto/Documents/università/magistrale/DDS/imm/Screenshot 2025-12-01 alle 16.45.59.png> </Users/idabenvenuto/Documents/università/magistrale/DDS/imm/Screenshot 2025-12-01 alle 16.47.13.png>]
<imm/Screenshot 2025-12-01 alle 17.21.12.png, id=734, 902.37125pt x 404.51125pt>
File: imm/Screenshot 2025-12-01 alle 17.21.12.png Graphic file (type png)
<use imm/Screenshot 2025-12-01 alle 17.21.12.png>
Package pdftex.def Info: imm/Screenshot 2025-12-01 alle 17.21.12.png  used on input line 1106.
(pdftex.def)             Requested size: 360.0pt x 161.38191pt.

Overfull \hbox (9.87898pt too wide) in paragraph at lines 1109--1109
[][]\T1/cmr/bx/n/14.4 implementation of Re-li-able Broad-cast IN Syn-chronous
 []

<imm/Screenshot 2025-12-01 alle 17.22.56.png, id=735, 902.37125pt x 416.55624pt>
File: imm/Screenshot 2025-12-01 alle 17.22.56.png Graphic file (type png)
<use imm/Screenshot 2025-12-01 alle 17.22.56.png>
Package pdftex.def Info: imm/Screenshot 2025-12-01 alle 17.22.56.png  used on input line 1112.
(pdftex.def)             Requested size: 360.0pt x 166.18732pt.


[42 </Users/idabenvenuto/Documents/università/magistrale/DDS/imm/Screenshot 2025-12-01 alle 17.21.12.png>]
Overfull \hbox (75.69456pt too wide) in paragraph at lines 1120--1120
[]    \T1/cmtt/m/n/10.95 correct := Pi; -- Initialize the set of correct processes (all processes)[] 
 []


Overfull \hbox (109.64479pt too wide) in paragraph at lines 1120--1120
[]    \T1/cmtt/m/n/10.95 from [p] := empty set[n]; -- Array to track messages received from each process[] 
 []


Overfull \hbox (149.25339pt too wide) in paragraph at lines 1129--1129
[]    \T1/cmtt/m/n/10.95 if m not in from[q] then -- If the message has not been received from process q before[] 
 []


Overfull \hbox (222.81221pt too wide) in paragraph at lines 1129--1129
[]        \T1/cmtt/m/n/10.95 from[q] := from[q] union {m}; -- Add the message to the set of messages received from process q[] 
 []


Overfull \hbox (171.88687pt too wide) in paragraph at lines 1129--1129
[]        \T1/cmtt/m/n/10.95 trigger <rb, Deliver | s, m>; -- Trigger the delivery event for the reliable broadcast[] 
 []


Overfull \hbox (211.49547pt too wide) in paragraph at lines 1129--1129
[]        \T1/cmtt/m/n/10.95 if s is not in correct then -- If the sender process s is not in the set of correct processes[] 
 []


Overfull \hbox (256.76244pt too wide) in paragraph at lines 1129--1129
[]            \T1/cmtt/m/n/10.95 trigger <beb, Broadcast | [DATA, s, m]>; -- Trigger the delivery event for the reliable broadcast[] 
 []

<imm/Screenshot 2025-12-01 alle 17.34.59.png, id=743, 872.25874pt x 511.9125pt>
File: imm/Screenshot 2025-12-01 alle 17.34.59.png Graphic file (type png)
<use imm/Screenshot 2025-12-01 alle 17.34.59.png>
Package pdftex.def Info: imm/Screenshot 2025-12-01 alle 17.34.59.png  used on input line 1133.
(pdftex.def)             Requested size: 360.0pt x 211.27586pt.
<imm/Screenshot 2025-12-01 alle 17.36.33.png, id=744, 885.3075pt x 402.50375pt>
File: imm/Screenshot 2025-12-01 alle 17.36.33.png Graphic file (type png)
<use imm/Screenshot 2025-12-01 alle 17.36.33.png>
Package pdftex.def Info: imm/Screenshot 2025-12-01 alle 17.36.33.png  used on input line 1138.
(pdftex.def)             Requested size: 360.0pt x 163.67642pt.


[43 </Users/idabenvenuto/Documents/università/magistrale/DDS/imm/Screenshot 2025-12-01 alle 17.22.56.png>]

[44 </Users/idabenvenuto/Documents/università/magistrale/DDS/imm/Screenshot 2025-12-01 alle 17.34.59.png> </Users/idabenvenuto/Documents/università/magistrale/DDS/imm/Screenshot 2025-12-01 alle 17.36.33.png>]
<imm/Screenshot 2025-12-01 alle 17.43.15.png, id=765, 886.31125pt x 407.5225pt>
File: imm/Screenshot 2025-12-01 alle 17.43.15.png Graphic file (type png)
<use imm/Screenshot 2025-12-01 alle 17.43.15.png>
Package pdftex.def Info: imm/Screenshot 2025-12-01 alle 17.43.15.png  used on input line 1151.
(pdftex.def)             Requested size: 360.0pt x 165.53073pt.
<imm/Screenshot 2025-12-01 alle 17.49.36.png, id=766, 910.40125pt x 233.87375pt>
File: imm/Screenshot 2025-12-01 alle 17.49.36.png Graphic file (type png)
<use imm/Screenshot 2025-12-01 alle 17.49.36.png>
Package pdftex.def Info: imm/Screenshot 2025-12-01 alle 17.49.36.png  used on input line 1164.
(pdftex.def)             Requested size: 396.0022pt x 101.73067pt.

Overfull \hbox (36.0022pt too wide) in paragraph at lines 1164--1165
 [][] 
 []



[45 </Users/idabenvenuto/Documents/università/magistrale/DDS/imm/Screenshot 2025-12-01 alle 17.43.15.png>]
Overfull \hbox (6.9893pt too wide) in paragraph at lines 1167--1167
[][]\T1/cmr/bx/n/12 implementation of Uni-form Re-li-able Broad-cast IN Syn-chronous
 []

<imm/Screenshot 2025-12-01 alle 17.50.30.png, id=774, 906.38625pt x 399.4925pt>
File: imm/Screenshot 2025-12-01 alle 17.50.30.png Graphic file (type png)
<use imm/Screenshot 2025-12-01 alle 17.50.30.png>
Package pdftex.def Info: imm/Screenshot 2025-12-01 alle 17.50.30.png  used on input line 1170.
(pdftex.def)             Requested size: 360.0pt x 158.67255pt.

Overfull \hbox (70.0362pt too wide) in paragraph at lines 1175--1175
[]    \T1/cmtt/m/n/10.95 pending := empty set; -- Initialize the set of pending messages as empty[] 
 []


Overfull \hbox (183.20361pt too wide) in paragraph at lines 1184--1184
[]    \T1/cmtt/m/n/10.95 ack[m] := ack[m] union {q}; -- Add the process q to the set of acknowledgments for message m[] 
 []


Overfull \hbox (41.74434pt too wide) in paragraph at lines 1184--1184
[]    \T1/cmtt/m/n/10.95 if m not pending then -- If the message m is not in the pending set[] 
 []


Overfull \hbox (75.69456pt too wide) in paragraph at lines 1184--1184
[]        \T1/cmtt/m/n/10.95 pending := pending union {m}; -- Add the message m to the pending set[] 
 []

<imm/Screenshot 2025-12-02 alle 13.14.23.png, id=775, 918.43124pt x 598.235pt>
File: imm/Screenshot 2025-12-02 alle 13.14.23.png Graphic file (type png)
<use imm/Screenshot 2025-12-02 alle 13.14.23.png>
Package pdftex.def Info: imm/Screenshot 2025-12-02 alle 13.14.23.png  used on input line 1189.
(pdftex.def)             Requested size: 360.0pt x 234.49739pt.
<imm/Screenshot 2025-12-02 alle 13.27.02.png, id=776, 875.27pt x 494.84875pt>
File: imm/Screenshot 2025-12-02 alle 13.27.02.png Graphic file (type png)
<use imm/Screenshot 2025-12-02 alle 13.27.02.png>
Package pdftex.def Info: imm/Screenshot 2025-12-02 alle 13.27.02.png  used on input line 1194.
(pdftex.def)             Requested size: 360.0pt x 203.53111pt.


[46 </Users/idabenvenuto/Documents/università/magistrale/DDS/imm/Screenshot 2025-12-01 alle 17.49.36.png> </Users/idabenvenuto/Documents/università/magistrale/DDS/imm/Screenshot 2025-12-01 alle 17.50.30.png>]
<imm/Screenshot 2025-12-02 alle 13.27.19.png, id=786, 869.2475pt x 508.90125pt>
File: imm/Screenshot 2025-12-02 alle 13.27.19.png Graphic file (type png)
<use imm/Screenshot 2025-12-02 alle 13.27.19.png>
Package pdftex.def Info: imm/Screenshot 2025-12-02 alle 13.27.19.png  used on input line 1199.
(pdftex.def)             Requested size: 360.0pt x 210.763pt.
<imm/Screenshot 2025-12-02 alle 13.31.39.png, id=787, 876.27374pt x 412.54124pt>
File: imm/Screenshot 2025-12-02 alle 13.31.39.png Graphic file (type png)
<use imm/Screenshot 2025-12-02 alle 13.31.39.png>
Package pdftex.def Info: imm/Screenshot 2025-12-02 alle 13.31.39.png  used on input line 1205.
(pdftex.def)             Requested size: 360.0pt x 169.48293pt.


[47 </Users/idabenvenuto/Documents/università/magistrale/DDS/imm/Screenshot 2025-12-02 alle 13.14.23.png> </Users/idabenvenuto/Documents/università/magistrale/DDS/imm/Screenshot 2025-12-02 alle 13.27.02.png>]

[48 </Users/idabenvenuto/Documents/università/magistrale/DDS/imm/Screenshot 2025-12-02 alle 13.27.19.png> </Users/idabenvenuto/Documents/università/magistrale/DDS/imm/Screenshot 2025-12-02 alle 13.31.39.png>]
<imm/Screenshot 2025-12-02 alle 14.38.18.png, id=806, 799.98875pt x 222.8325pt>
File: imm/Screenshot 2025-12-02 alle 14.38.18.png Graphic file (type png)
<use imm/Screenshot 2025-12-02 alle 14.38.18.png>
Package pdftex.def Info: imm/Screenshot 2025-12-02 alle 14.38.18.png  used on input line 1224.
(pdftex.def)             Requested size: 360.0pt x 100.2771pt.
<imm/Screenshot 2025-12-02 alle 14.38.58.png, id=807, 812.03375pt x 393.47pt>
File: imm/Screenshot 2025-12-02 alle 14.38.58.png Graphic file (type png)
<use imm/Screenshot 2025-12-02 alle 14.38.58.png>
Package pdftex.def Info: imm/Screenshot 2025-12-02 alle 14.38.58.png  used on input line 1230.
(pdftex.def)             Requested size: 360.0pt x 174.43617pt.


[49 </Users/idabenvenuto/Documents/università/magistrale/DDS/imm/Screenshot 2025-12-02 alle 14.38.18.png>]

[50 </Users/idabenvenuto/Documents/università/magistrale/DDS/imm/Screenshot 2025-12-02 alle 14.38.58.png>]
Chapter 6.
<imm/Screenshot 2025-11-25 alle 20.22.09.png, id=823, 513.92pt x 288.07625pt>
File: imm/Screenshot 2025-11-25 alle 20.22.09.png Graphic file (type png)
<use imm/Screenshot 2025-11-25 alle 20.22.09.png>
Package pdftex.def Info: imm/Screenshot 2025-11-25 alle 20.22.09.png  used on input line 1238.
(pdftex.def)             Requested size: 216.0022pt x 121.0791pt.


[51

 </Users/idabenvenuto/Documents/università/magistrale/DDS/imm/Screenshot 2025-11-25 alle 20.22.09.png>]
Overfull \hbox (0.70192pt too wide) in paragraph at lines 1253--1253
[]\T1/cmr/bx/n/14.4 Consensus Im-ple-men-ta-tion in Syn-chronous Sys-
 []

<imm/Screenshot 2025-11-25 alle 20.43.55.png, id=830, 906.38625pt x 506.89375pt>
File: imm/Screenshot 2025-11-25 alle 20.43.55.png Graphic file (type png)
<use imm/Screenshot 2025-11-25 alle 20.43.55.png>
Package pdftex.def Info: imm/Screenshot 2025-11-25 alle 20.43.55.png  used on input line 1259.
(pdftex.def)             Requested size: 360.0pt x 201.33075pt.


[52 </Users/idabenvenuto/Documents/università/magistrale/DDS/imm/Screenshot 2025-11-25 alle 20.43.55.png>]

[53]
Overfull \hbox (13.45248pt too wide) in paragraph at lines 1314--1314
[]\T1/cmtt/m/n/10.95 upon correct subseteq receivedFrom[round] AND decision = bottom do[] 
 []


Overfull \hbox (30.4276pt too wide) in paragraph at lines 1314--1314
[]    \T1/cmtt/m/n/10.95 trigger <beb, Broadcast | [PROPOSAL, round, proposals[round-1]]>;[] 
 []

<imm/Screenshot 2025-11-25 alle 21.04.25.png, id=846, 894.34125pt x 596.2275pt>
File: imm/Screenshot 2025-11-25 alle 21.04.25.png Graphic file (type png)
<use imm/Screenshot 2025-11-25 alle 21.04.25.png>
Package pdftex.def Info: imm/Screenshot 2025-11-25 alle 21.04.25.png  used on input line 1338.
(pdftex.def)             Requested size: 360.0pt x 240.00609pt.
<imm/Screenshot 2025-11-25 alle 21.10.31.png, id=847, 898.35625pt x 601.24625pt>
File: imm/Screenshot 2025-11-25 alle 21.10.31.png Graphic file (type png)
<use imm/Screenshot 2025-11-25 alle 21.10.31.png>
Package pdftex.def Info: imm/Screenshot 2025-11-25 alle 21.10.31.png  used on input line 1343.
(pdftex.def)             Requested size: 360.0pt x 240.9346pt.
<imm/Screenshot 2025-11-25 alle 21.08.58.png, id=848, 907.39pt x 607.26875pt>
File: imm/Screenshot 2025-11-25 alle 21.08.58.png Graphic file (type png)
<use imm/Screenshot 2025-11-25 alle 21.08.58.png>
Package pdftex.def Info: imm/Screenshot 2025-11-25 alle 21.08.58.png  used on input line 1348.
(pdftex.def)             Requested size: 360.0pt x 240.9295pt.
<imm/Screenshot 2025-11-25 alle 22.55.28.png, id=849, 905.3825pt x 548.0475pt>
File: imm/Screenshot 2025-11-25 alle 22.55.28.png Graphic file (type png)
<use imm/Screenshot 2025-11-25 alle 22.55.28.png>
Package pdftex.def Info: imm/Screenshot 2025-11-25 alle 22.55.28.png  used on input line 1357.
(pdftex.def)             Requested size: 216.0022pt x 130.748pt.


[54]

[55 </Users/idabenvenuto/Documents/università/magistrale/DDS/imm/Screenshot 2025-11-25 alle 21.04.25.png> </Users/idabenvenuto/Documents/università/magistrale/DDS/imm/Screenshot 2025-11-25 alle 21.10.31.png>]
<imm/Screenshot 2025-11-25 alle 22.59.09.png, id=863, 922.44624pt x 598.235pt>
File: imm/Screenshot 2025-11-25 alle 22.59.09.png Graphic file (type png)
<use imm/Screenshot 2025-11-25 alle 22.59.09.png>
Package pdftex.def Info: imm/Screenshot 2025-11-25 alle 22.59.09.png  used on input line 1363.
(pdftex.def)             Requested size: 216.0022pt x 140.08318pt.


[56 </Users/idabenvenuto/Documents/università/magistrale/DDS/imm/Screenshot 2025-11-25 alle 21.08.58.png>]

[57 </Users/idabenvenuto/Documents/università/magistrale/DDS/imm/Screenshot 2025-11-25 alle 22.55.28.png> </Users/idabenvenuto/Documents/università/magistrale/DDS/imm/Screenshot 2025-11-25 alle 22.59.09.png>]
Chapter 7.


[58

]
Chapter 8.

Overfull \hbox (3.04778pt too wide) in paragraph at lines 1401--1402
[]\T1/cmr/bx/n/10.95 Communication:\T1/cmr/m/n/10.95 Channels be-tween cor-rect pro-cesses are \T1/cmr/m/it/10.95 per-fect\T1/cmr/m/n/10.95 : mes-
 []



[59

]
<imm/Screenshot 2025-11-25 alle 18.09.55.png, id=889, 618.31pt x 348.30125pt>
File: imm/Screenshot 2025-11-25 alle 18.09.55.png Graphic file (type png)
<use imm/Screenshot 2025-11-25 alle 18.09.55.png>
Package pdftex.def Info: imm/Screenshot 2025-11-25 alle 18.09.55.png  used on input line 1422.
(pdftex.def)             Requested size: 288.0011pt x 162.24008pt.
<imm/Screenshot 2025-11-25 alle 18.41.44.png, id=890, 582.175pt x 124.465pt>
File: imm/Screenshot 2025-11-25 alle 18.41.44.png Graphic file (type png)
<use imm/Screenshot 2025-11-25 alle 18.41.44.png>
Package pdftex.def Info: imm/Screenshot 2025-11-25 alle 18.41.44.png  used on input line 1444.
(pdftex.def)             Requested size: 288.0011pt x 61.57332pt.

Underfull \hbox (badness 10000) in paragraph at lines 1438--1446

 []



[60 </Users/idabenvenuto/Documents/università/magistrale/DDS/imm/Screenshot 2025-11-25 alle 18.09.55.png>]
<imm/Screenshot 2025-11-25 alle 18.48.48.png, id=899, 583.17876pt x 111.41624pt>
File: imm/Screenshot 2025-11-25 alle 18.48.48.png Graphic file (type png)
<use imm/Screenshot 2025-11-25 alle 18.48.48.png>
Package pdftex.def Info: imm/Screenshot 2025-11-25 alle 18.48.48.png  used on input line 1459.
(pdftex.def)             Requested size: 288.0011pt x 55.02455pt.


[61 </Users/idabenvenuto/Documents/università/magistrale/DDS/imm/Screenshot 2025-11-25 alle 18.41.44.png> </Users/idabenvenuto/Documents/università/magistrale/DDS/imm/Screenshot 2025-11-25 alle 18.48.48.png>]
<imm/Screenshot 2025-11-25 alle 19.02.37.png, id=909, 600.2425pt x 196.735pt>
File: imm/Screenshot 2025-11-25 alle 19.02.37.png Graphic file (type png)
<use imm/Screenshot 2025-11-25 alle 19.02.37.png>
Package pdftex.def Info: imm/Screenshot 2025-11-25 alle 19.02.37.png  used on input line 1472.
(pdftex.def)             Requested size: 288.0011pt x 94.39569pt.

Overfull \hbox (21.86354pt too wide) in paragraph at lines 1475--1476
\T1/cmr/m/n/10.95 Strong as-sump-tions is more re-stric-tive than weak as-sump-tions (SUTO=>WUTO-
 []

<imm/Screenshot 2025-11-25 alle 19.15.06.png, id=910, 270.00874pt x 109.40875pt>
File: imm/Screenshot 2025-11-25 alle 19.15.06.png Graphic file (type png)
<use imm/Screenshot 2025-11-25 alle 19.15.06.png>
Package pdftex.def Info: imm/Screenshot 2025-11-25 alle 19.15.06.png  used on input line 1479.
(pdftex.def)             Requested size: 151.19934pt x 61.26846pt.
<imm/Screenshot 2025-11-25 alle 19.15.15.png, id=911, 240.9pt x 130.4875pt>
File: imm/Screenshot 2025-11-25 alle 19.15.15.png Graphic file (type png)
<use imm/Screenshot 2025-11-25 alle 19.15.15.png>
Package pdftex.def Info: imm/Screenshot 2025-11-25 alle 19.15.15.png  used on input line 1481.
(pdftex.def)             Requested size: 151.19934pt x 81.90092pt.
<imm/Screenshot 2025-11-25 alle 19.15.26.png, id=912, 372.39125pt x 143.53625pt>
File: imm/Screenshot 2025-11-25 alle 19.15.26.png Graphic file (type png)
<use imm/Screenshot 2025-11-25 alle 19.15.26.png>
Package pdftex.def Info: imm/Screenshot 2025-11-25 alle 19.15.26.png  used on input line 1484.
(pdftex.def)             Requested size: 151.19934pt x 58.28078pt.
<imm/Screenshot 2025-11-25 alle 19.15.40.png, id=913, 243.91125pt x 126.4725pt>
File: imm/Screenshot 2025-11-25 alle 19.15.40.png Graphic file (type png)
<use imm/Screenshot 2025-11-25 alle 19.15.40.png>
Package pdftex.def Info: imm/Screenshot 2025-11-25 alle 19.15.40.png  used on input line 1486.
(pdftex.def)             Requested size: 151.19934pt x 78.40054pt.
<imm/Screenshot 2025-11-25 alle 19.15.48.png, id=914, 312.16624pt x 157.58875pt>
File: imm/Screenshot 2025-11-25 alle 19.15.48.png Graphic file (type png)
<use imm/Screenshot 2025-11-25 alle 19.15.48.png>
Package pdftex.def Info: imm/Screenshot 2025-11-25 alle 19.15.48.png  used on input line 1489.
(pdftex.def)             Requested size: 151.19934pt x 76.32944pt.
<imm/Screenshot 2025-11-25 alle 19.15.56.png, id=915, 345.29pt x 145.54375pt>
File: imm/Screenshot 2025-11-25 alle 19.15.56.png Graphic file (type png)
<use imm/Screenshot 2025-11-25 alle 19.15.56.png>
Package pdftex.def Info: imm/Screenshot 2025-11-25 alle 19.15.56.png  used on input line 1491.
(pdftex.def)             Requested size: 151.19934pt x 63.73296pt.


[62 </Users/idabenvenuto/Documents/università/magistrale/DDS/imm/Screenshot 2025-11-25 alle 19.02.37.png>]

[63 </Users/idabenvenuto/Documents/università/magistrale/DDS/imm/Screenshot 2025-11-25 alle 19.15.06.png> </Users/idabenvenuto/Documents/università/magistrale/DDS/imm/Screenshot 2025-11-25 alle 19.15.15.png> </Users/idabenvenuto/Documents/università/magistrale/DDS/imm/Screenshot 2025-11-25 alle 19.15.26.png> </Users/idabenvenuto/Documents/università/magistrale/DDS/imm/Screenshot 2025-11-25 alle 19.15.40.png> </Users/idabenvenuto/Documents/università/magistrale/DDS/imm/Screenshot 2025-11-25 alle 19.15.48.png> </Users/idabenvenuto/Documents/università/magistrale/DDS/imm/Screenshot 2025-11-25 alle 19.15.56.png>] (/Users/idabenvenuto/Documents/università/magistrale/DDS/appunti.aux)
 ***********
LaTeX2e <2024-11-01> patch level 2
L3 programming layer <2025-01-18>
 ***********
Package rerunfilecheck Info: File `appunti.out' has not changed.
(rerunfilecheck)             Checksum: AC8E723D48546726E8A82D9AAAC652CB;15601.
 ) 
Here is how much of TeX's memory you used:
 11886 strings out of 474662
 196701 string characters out of 5751108
 575783 words of memory out of 5000000
 34459 multiletter control sequences out of 15000+600000
 580229 words of font info for 90 fonts, out of 8000000 for 9000
 319 hyphenation exceptions out of 8191
 75i,10n,79p,517b,675s stack positions out of 10000i,1000n,20000p,200000b,200000s
</usr/local/texlive/2025basic/texmf-dist/fonts/type1/public/amsfonts/cm/cmex10.pfb></usr/local/texlive/2025basic/texmf-dist/fonts/type1/public/amsfonts/cm/cmmi10.pfb></usr/local/texlive/2025basic/texmf-dist/fonts/type1/public/amsfonts/cm/cmmi12.pfb></usr/local/texlive/2025basic/texmf-dist/fonts/type1/public/amsfonts/cm/cmmi8.pfb></usr/local/texlive/2025basic/texmf-dist/fonts/type1/public/amsfonts/cm/cmr10.pfb></usr/local/texlive/2025basic/texmf-dist/fonts/type1/public/amsfonts/cm/cmr6.pfb></usr/local/texlive/2025basic/texmf-dist/fonts/type1/public/amsfonts/cm/cmr8.pfb></usr/local/texlive/2025basic/texmf-dist/fonts/type1/public/amsfonts/cm/cmsy10.pfb></usr/local/texlive/2025basic/texmf-dist/fonts/type1/public/amsfonts/cm/cmsy6.pfb></usr/local/texlive/2025basic/texmf-dist/fonts/type1/public/amsfonts/cm/cmsy8.pfb></usr/local/texlive/2025basic/texmf-dist/fonts/type1/public/amsfonts/symbols/msam10.pfb></usr/local/texlive/2025basic/texmf-dist/fonts/type1/public/cm-super/sfbx1095.pfb></usr/local/texlive/2025basic/texmf-dist/fonts/type1/public/cm-super/sfbx1200.pfb></usr/local/texlive/2025basic/texmf-dist/fonts/type1/public/cm-super/sfbx1440.pfb></usr/local/texlive/2025basic/texmf-dist/fonts/type1/public/cm-super/sfbx2074.pfb></usr/local/texlive/2025basic/texmf-dist/fonts/type1/public/cm-super/sfbx2488.pfb></usr/local/texlive/2025basic/texmf-dist/fonts/type1/public/cm-super/sfrm0800.pfb></usr/local/texlive/2025basic/texmf-dist/fonts/type1/public/cm-super/sfrm1095.pfb></usr/local/texlive/2025basic/texmf-dist/fonts/type1/public/cm-super/sfrm1200.pfb></usr/local/texlive/2025basic/texmf-dist/fonts/type1/public/cm-super/sfrm1728.pfb></usr/local/texlive/2025basic/texmf-dist/fonts/type1/public/cm-super/sfti1095.pfb></usr/local/texlive/2025basic/texmf-dist/fonts/type1/public/cm-super/sftt1095.pfb>
Output written on /Users/idabenvenuto/Documents/università/magistrale/DDS/appunti.pdf (64 pages, 10672623 bytes).
PDF statistics:
 1102 PDF objects out of 1200 (max. 8388607)
 866 compressed objects within 9 object streams
 322 named destinations out of 1000 (max. 500000)
 992 words of extra memory for PDF output out of 10000 (max. 10000000)

