\BOOKMARK [0][-]{chapter.1}{\376\377\000F\000a\000i\000l\000u\000r\000e\000\040\000D\000e\000t\000e\000c\000t\000i\000o\000n\000\040\000\050\0007\000\051}{}% 1
\BOOKMARK [1][-]{section.1.1}{\376\377\000T\000i\000m\000i\000n\000g\000\040\000a\000s\000s\000u\000m\000p\000t\000i\000o\000n\000s}{chapter.1}% 2
\BOOKMARK [1][-]{section.1.2}{\376\377\000F\000a\000i\000l\000u\000r\000e\000\040\000D\000e\000t\000e\000c\000t\000o\000r\000\040\000A\000b\000s\000t\000r\000a\000c\000t\000i\000o\000n}{chapter.1}% 3
\BOOKMARK [1][-]{section.1.3}{\376\377\000P\000e\000r\000f\000e\000c\000t\000\040\000F\000a\000i\000l\000u\000r\000e\000\040\000D\000e\000t\000e\000c\000t\000o\000r\000\040\000\050\000P\000\051}{chapter.1}% 4
\BOOKMARK [1][-]{section.1.4}{\376\377\000E\000v\000e\000n\000t\000u\000a\000l\000l\000y\000\040\000P\000e\000r\000f\000e\000c\000t\000\040\000F\000a\000i\000l\000u\000r\000e\000\040\000D\000e\000t\000e\000c\000t\000o\000r\000\040\000\050\000P\000\051}{chapter.1}% 5
\BOOKMARK [1][-]{section.1.5}{\376\377\000c\000o\000r\000r\000e\000c\000t\000n\000e\000s\000s}{chapter.1}% 6
\BOOKMARK [0][-]{chapter.2}{\376\377\000L\000e\000a\000d\000e\000r\000s\000h\000i\000p\000\040\000E\000l\000e\000c\000t\000i\000o\000n\000\040\000\050\0007\000-\000b\000\051}{}% 7
\BOOKMARK [1][-]{section.2.1}{\376\377\000L\000e\000a\000d\000e\000r\000\040\000E\000l\000e\000c\000t\000i\000o\000n}{chapter.2}% 8
\BOOKMARK [1][-]{section.2.2}{\376\377\000E\000v\000e\000n\000t\000u\000a\000l\000\040\000L\000e\000a\000d\000e\000r\000\040\000E\000l\000e\000c\000t\000i\000o\000n}{chapter.2}% 9
\BOOKMARK [1][-]{section.2.3}{\376\377\000\040\000e\000v\000e\000n\000t\000u\000a\000l\000\040\000l\000e\000a\000d\000e\000r\000\040\000e\000l\000e\000c\000t\000i\000o\000n\000\040\000w\000i\000t\000h\000\040\000C\000r\000a\000s\000h\000-\000R\000e\000c\000o\000v\000e\000r\000y}{chapter.2}% 10
\BOOKMARK [0][-]{chapter.3}{\376\377\000\040\000B\000r\000o\000a\000d\000c\000a\000s\000t\000\040\000C\000o\000m\000m\000u\000n\000i\000c\000a\000t\000i\000o\000n\000\050\0009\000\051}{}% 11
\BOOKMARK [1][-]{section.3.1}{\376\377\000B\000e\000s\000t\000\040\000E\000f\000f\000o\000r\000t\000\040\000B\000r\000o\000a\000d\000c\000a\000s\000t\000\040\000\050\000B\000E\000B\000\051}{chapter.3}% 12
\BOOKMARK [0][-]{chapter.4}{\376\377\000C\000o\000n\000s\000e\000n\000s\000u\000s\000\040\000\050\0001\0001\000\051}{}% 13
\BOOKMARK [1][-]{section.4.1}{\376\377\000C\000o\000n\000s\000e\000n\000s\000u\000s\000\040\000P\000r\000o\000b\000l\000e\000m}{chapter.4}% 14
\BOOKMARK [1][-]{section.4.2}{\376\377\000c\000o\000n\000s\000e\000n\000s\000u\000s\000\040\000s\000p\000e\000c\000i\000f\000i\000c\000a\000t\000i\000o\000n}{chapter.4}% 15
\BOOKMARK [1][-]{section.4.3}{\376\377\000C\000o\000n\000s\000e\000n\000s\000u\000s\000\040\000I\000m\000p\000l\000e\000m\000e\000n\000t\000a\000t\000i\000o\000n\000\040\000i\000n\000\040\000S\000y\000n\000c\000h\000r\000o\000n\000o\000u\000s\000\040\000S\000y\000s\000t\000e\000m\000s}{chapter.4}% 16
\BOOKMARK [1][-]{section.4.4}{\376\377\000A\000l\000g\000o\000r\000i\000t\000h\000m\000\040\000D\000e\000s\000c\000r\000i\000p\000t\000i\000o\000n}{chapter.4}% 17
\BOOKMARK [2][-]{subsection.4.4.1}{\376\377\000I\000n\000i\000t\000i\000a\000l\000i\000z\000a\000t\000i\000o\000n}{section.4.4}% 18
\BOOKMARK [2][-]{subsection.4.4.2}{\376\377\000M\000a\000i\000n\000\040\000E\000v\000e\000n\000t\000\040\000H\000a\000n\000d\000l\000e\000r\000s}{section.4.4}% 19
\BOOKMARK [2][-]{subsection.4.4.3}{\376\377\000D\000e\000c\000i\000s\000i\000o\000n\000\040\000L\000o\000g\000i\000c}{section.4.4}% 20
\BOOKMARK [2][-]{subsection.4.4.4}{\376\377\000R\000e\000c\000e\000i\000v\000i\000n\000g\000\040\000D\000E\000C\000I\000D\000E\000D}{section.4.4}% 21
\BOOKMARK [2][-]{subsection.4.4.5}{\376\377\000P\000r\000a\000c\000t\000i\000c\000a\000l\000\040\000E\000x\000a\000m\000p\000l\000e}{section.4.4}% 22
\BOOKMARK [1][-]{section.4.5}{\376\377\000U\000n\000i\000f\000o\000r\000m\000\040\000C\000o\000n\000s\000e\000n\000s\000u\000s\000\040\000S\000p\000e\000c\000i\000f\000i\000c\000a\000t\00